#
# A fatal error has been detected by the Java Runtime Environment:
#
#  EXCEPTION_ACCESS_VIOLATION (0xc0000005) at pc=0x000001a188362b55, pid=15672, tid=26788
#
# JRE version: Java(TM) SE Runtime Environment (12.0.2+10) (build 12.0.2+10)
# Java VM: Java HotSpot(TM) 64-Bit Server VM (12.0.2+10, mixed mode, sharing, tiered, compressed oops, g1 gc, windows-amd64)
# Problematic frame:
# j  Main.verificarJogadoresAtivo()Z+21
#
# No core dump will be written. Minidumps are not enabled by default on client versions of Windows
#
# If you would like to submit a bug report, please visit:
#   http://bugreport.java.com/bugreport/crash.jsp
#

---------------  S U M M A R Y ------------

Command Line: -agentlib:jdwp=transport=dt_socket,suspend=y,address=localhost:55184 -javaagent:C:\Users\KR\Documents\Eclipse\eclipse\configuration\org.eclipse.osgi\412\0\.cp\lib\javaagent-shaded.jar -Dfile.encoding=Cp1252 Main

Host: Intel(R) Core(TM) i7-5500U CPU @ 2.40GHz, 4 cores, 7G,  Windows 10 , 64 bit Build 18362 (10.0.18362.329)
Time: Fri Sep 27 03:07:13 2019 E. South America Standard Time elapsed time: 1016 seconds (0d 0h 16m 56s)

---------------  T H R E A D  ---------------

Current thread (0x000001a1f8907800):  JavaThread "main" [_thread_in_Java, id=26788, stack(0x0000001012600000,0x0000001012700000)]

Stack: [0x0000001012600000,0x0000001012700000],  sp=0x00000010126ff040,  free space=1020k
Native frames: (J=compiled Java code, j=interpreted, Vv=VM code, C=native code)
C  0x000001a188362b55


siginfo: EXCEPTION_ACCESS_VIOLATION (0xc0000005), reading address 0x000001a22071df88


Register to memory mapping:

RIP=0x000001a188362b55 is at code_begin+437 in an Interpreter codelet
fast_agetfield  203 fast_agetfield  [0x000001a1883629a0, 0x000001a188362b80]  480 bytes
RAX=0x0000000088f9fa38 is an oop: EstruturaDeDados.Elemento 
{0x0000000088f9fa38} - klass: 'EstruturaDeDados/Elemento'
RBX=0x000001a19777e550 is pointing into metadata
RCX=0x000001a19777cc98 is pointing into metadata
RDX=0x0000000088f9f9b8 is an oop: Jogador 
{0x0000000088f9f9b8} - klass: 'Jogador'
RSP=0x00000010126ff040 is pointing into the stack for thread: 0x000001a1f8907800
RBP=0x00000010126ff088 is pointing into the stack for thread: 0x000001a1f8907800
RSI=0x000001a1ffe83e28 points into unknown readable memory: 33 44 c7 f4 00 32 00 80
RDI=0x00000008011fbd80 is a pointer to class: 
Jogador {0x00000008011fbd88}
R8 =0x0 is NULL
R9 =0x00000010126ff088 is pointing into the stack for thread: 0x000001a1f8907800
R10=0x00007ffc3f0eb468 jvm.dll
R11=0x000001a18fe0c700 is at entry_point+64 in (nmethod*)0x000001a18fe0c510
R12=0x0 is NULL
R13=0x000001a19777cbca is pointing into metadata
R14=0x00000010126ff0a8 is pointing into the stack for thread: 0x000001a1f8907800
R15=0x000001a1f8907800 is a thread


Registers:
RAX=0x0000000088f9fa38, RBX=0x000001a19777e550, RCX=0x000001a19777cc98, RDX=0x0000000088f9f9b8
RSP=0x00000010126ff040, RBP=0x00000010126ff088, RSI=0x000001a1ffe83e28, RDI=0x00000008011fbd80
R8 =0x0000000000000000, R9 =0x00000010126ff088, R10=0x00007ffc3f0eb468, R11=0x000001a18fe0c700
R12=0x0000000000000000, R13=0x000001a19777cbca, R14=0x00000010126ff0a8, R15=0x000001a1f8907800
RIP=0x000001a188362b55, EFLAGS=0x0000000000010206

Top of Stack: (sp=0x00000010126ff040)
0x00000010126ff040:   00000010126ff040 000001a19777cbc5
0x00000010126ff050:   00000010126ff0a8 000001a19777cc98
0x00000010126ff060:   000001a197784060 0000000088f5d6d0
0x00000010126ff070:   000001a19777cc10 0000000000000000
0x00000010126ff080:   00000010126ff0b0 00000010126ff100
0x00000010126ff090:   000001a18833af6d 0000000088f9f9b8
0x00000010126ff0a0:   0000000088f9fa38 deaddeaf00000000
0x00000010126ff0b0:   0000000089311d90 00000010126ff0b8
0x00000010126ff0c0:   000001a19777c8de 00000010126ff110
0x00000010126ff0d0:   000001a19777cc98 0000000000000000
0x00000010126ff0e0:   0000000088f5d6d0 000001a19777c900
0x00000010126ff0f0:   00000010126ff0b0 00000010126ff110
0x00000010126ff100:   00000010126ff2f0 000001a188330a90
0x00000010126ff110:   0000000088f5db80 0000000000000000
0x00000010126ff120:   0000000000000000 0000000000000000
0x00000010126ff130:   0000000000000000 0000000000000000 

Instructions: (pc=0x000001a188362b55)
0x000001a188362a55:   00 00 00 00 00 00 4d 89 97 18 03 00 00 c5 f8 77
0x000001a188362a65:   41 8b 8f 34 04 00 00 f7 c1 01 00 00 00 0f 84 49
0x000001a188362a75:   00 00 00 f7 c1 02 00 00 00 0f 85 3d 00 00 00 48
0x000001a188362a85:   83 ec 20 f7 c4 0f 00 00 00 0f 84 1a 00 00 00 48
0x000001a188362a95:   83 ec 08 49 ba b0 20 9e 3e fc 7f 00 00 41 ff d2
0x000001a188362aa5:   48 83 c4 08 e9 0d 00 00 00 49 ba b0 20 9e 3e fc
0x000001a188362ab5:   7f 00 00 41 ff d2 48 83 c4 20 ff e0 49 8b 8f 70
0x000001a188362ac5:   04 00 00 48 85 c9 0f 84 53 00 00 00 8b 49 74 83
0x000001a188362ad5:   f9 01 0f 85 47 00 00 00 49 8b 8f 70 04 00 00 8b
0x000001a188362ae5:   49 78 48 83 ec 20 f7 c4 0f 00 00 00 0f 84 1a 00
0x000001a188362af5:   00 00 48 83 ec 08 49 ba a0 20 9e 3e fc 7f 00 00
0x000001a188362b05:   41 ff d2 48 83 c4 08 e9 0d 00 00 00 49 ba a0 20
0x000001a188362b15:   9e 3e fc 7f 00 00 41 ff d2 48 83 c4 20 ff e0 49
0x000001a188362b25:   81 7f 08 00 00 00 00 0f 84 05 00 00 00 e9 49 de
0x000001a188362b35:   fc ff 4c 8b 6d c0 4c 8b 75 c8 c3 58 41 0f b7 5d
0x000001a188362b45:   01 48 8b 4d d0 c1 e3 02 48 8b 5c d9 30 48 3b 00
0x000001a188362b55:   8b 04 18 41 0f b6 5d 03 49 83 c5 03 49 ba b0 5c
0x000001a188362b65:   11 3f fc 7f 00 00 41 ff 24 da 90 00 00 00 00 00
0x000001a188362b75:   00 00 00 00 00 00 00 00 00 00 00 00 02 00 00 00
0x000001a188362b85:   00 00 00 a0 1f eb 3e fc 7f 00 00 cc 00 00 00 00
0x000001a188362b95:   00 00 00 00 00 00 00 00 00 00 00 58 49 ba 68 b4
0x000001a188362ba5:   0e 3f fc 7f 00 00 41 8b 0a 85 c9 0f 84 8b 01 00
0x000001a188362bb5:   00 41 0f b7 4d 01 c1 e1 05 4c 8b 45 d0 49 83 c0
0x000001a188362bc5:   20 4c 03 c1 50 48 8b d0 e8 05 00 00 00 e9 69 01
0x000001a188362bd5:   00 00 48 8d 44 24 08 4c 89 6d c0 49 8b cf c5 f8
0x000001a188362be5:   77 49 89 af 20 03 00 00 49 89 87 10 03 00 00 48
0x000001a188362bf5:   83 ec 20 f7 c4 0f 00 00 00 0f 84 1a 00 00 00 48
0x000001a188362c05:   83 ec 08 49 ba 00 71 9e 3e fc 7f 00 00 41 ff d2
0x000001a188362c15:   48 83 c4 08 e9 0d 00 00 00 49 ba 00 71 9e 3e fc
0x000001a188362c25:   7f 00 00 41 ff d2 48 83 c4 20 49 ba 00 00 00 00
0x000001a188362c35:   00 00 00 00 4d 89 97 10 03 00 00 49 ba 00 00 00
0x000001a188362c45:   00 00 00 00 00 4d 89 97 20 03 00 00 49 ba 00 00 


Stack slot to memory mapping:
stack at sp + 0 slots: 0x00000010126ff040 is pointing into the stack for thread: 0x000001a1f8907800
stack at sp + 1 slots: 0x000001a19777cbc5 is pointing into metadata
stack at sp + 2 slots: 0x00000010126ff0a8 is pointing into the stack for thread: 0x000001a1f8907800
stack at sp + 3 slots: 0x000001a19777cc98 is pointing into metadata
stack at sp + 4 slots: 0x000001a197784060 is pointing into metadata
stack at sp + 5 slots: 0x0000000088f5d6d0 points into unknown readable memory: 01 17 65 90 59 00 00 00
stack at sp + 6 slots: {method} {0x000001a19777cc18} 'verificarJogadoresAtivo' '()Z' in 'Main'
stack at sp + 7 slots: 0x0 is NULL

fast_agetfield  203 fast_agetfield  [0x000001a1883629a0, 0x000001a188362b80]  480 bytes

---------------  P R O C E S S  ---------------

Threads class SMR info:
_java_thread_list=0x000001a1ffdfaa40, length=13, elements={
0x000001a1f8907800, 0x000001a1ffa03000, 0x000001a1ffa04000, 0x000001a1ffa21800,
0x000001a1ffa24800, 0x000001a1ffa25800, 0x000001a1ffa3b800, 0x000001a1ffa68800,
0x000001a1ff9e8800, 0x000001a1ffd47000, 0x000001a1ffd0c800, 0x000001a1ffd0d000,
0x000001a1ffe32000
}

Java Threads: ( => current thread )
=>0x000001a1f8907800 JavaThread "main" [_thread_in_Java, id=26788, stack(0x0000001012600000,0x0000001012700000)]
  0x000001a1ffa03000 JavaThread "Reference Handler" daemon [_thread_blocked, id=9488, stack(0x0000001012d00000,0x0000001012e00000)]
  0x000001a1ffa04000 JavaThread "Finalizer" daemon [_thread_blocked, id=29944, stack(0x0000001012e00000,0x0000001012f00000)]
  0x000001a1ffa21800 JavaThread "Signal Dispatcher" daemon [_thread_blocked, id=6256, stack(0x0000001012f00000,0x0000001013000000)]
  0x000001a1ffa24800 JavaThread "Attach Listener" daemon [_thread_blocked, id=20764, stack(0x0000001013000000,0x0000001013100000)]
  0x000001a1ffa25800 JavaThread "C2 CompilerThread0" daemon [_thread_blocked, id=2856, stack(0x0000001013100000,0x0000001013200000)]
  0x000001a1ffa3b800 JavaThread "C1 CompilerThread0" daemon [_thread_blocked, id=18548, stack(0x0000001013200000,0x0000001013300000)]
  0x000001a1ffa68800 JavaThread "Sweeper thread" daemon [_thread_blocked, id=8608, stack(0x0000001013300000,0x0000001013400000)]
  0x000001a1ff9e8800 JavaThread "Common-Cleaner" daemon [_thread_blocked, id=8628, stack(0x0000001013400000,0x0000001013500000)]
  0x000001a1ffd47000 JavaThread "JDWP Transport Listener: dt_socket" daemon [_thread_blocked, id=24892, stack(0x0000001013500000,0x0000001013600000)]
  0x000001a1ffd0c800 JavaThread "JDWP Event Helper Thread" daemon [_thread_blocked, id=17476, stack(0x0000001013600000,0x0000001013700000)]
  0x000001a1ffd0d000 JavaThread "JDWP Command Reader" daemon [_thread_in_native, id=4056, stack(0x0000001013700000,0x0000001013800000)]
  0x000001a1ffe32000 JavaThread "Service Thread" daemon [_thread_blocked, id=29280, stack(0x0000001013800000,0x0000001013900000)]

Other Threads:
  0x000001a1ff9ff800 VMThread "VM Thread" [stack: 0x0000001012c00000,0x0000001012d00000] [id=21816] _threads_hazard_ptr=0x000001a1ffdfaa40
  0x000001a1ffe07000 WatcherThread [stack: 0x0000001013900000,0x0000001013a00000] [id=12812]
  0x000001a1f8946800 GCTaskThread "GC Thread#0" [stack: 0x0000001012700000,0x0000001012800000] [id=22156]
  0x000001a1f8956000 ConcurrentGCThread "G1 Main Marker" [stack: 0x0000001012800000,0x0000001012900000] [id=4688]
  0x000001a1f8958000 ConcurrentGCThread "G1 Conc#0" [stack: 0x0000001012900000,0x0000001012a00000] [id=24880]
  0x000001a1f89dd800 ConcurrentGCThread "G1 Refine#0" [stack: 0x0000001012a00000,0x0000001012b00000] [id=16356]
  0x000001a1f89de000 ConcurrentGCThread "G1 Young RemSet Sampling" [stack: 0x0000001012b00000,0x0000001012c00000] [id=3424]

Threads with active compile tasks:

VM state:synchronizing (normal execution)

VM Mutex/Monitor currently owned by a thread:  ([mutex/lock_event])
[0x000001a1f89032b0] Safepoint_lock - owner thread: 0x000001a1ff9ff800
[0x000001a1f8902fe0] Threads_lock - owner thread: 0x000001a1ff9ff800

Heap address: 0x0000000081400000, size: 2028 MB, Compressed Oops mode: 32-bit
Narrow klass base: 0x0000000800000000, Narrow klass shift: 3
Compressed class space size: 1073741824 Address: 0x0000000801190000

Heap:
 garbage-first heap   total 131072K, used 3072K [0x0000000081400000, 0x0000000100000000)
  region size 1024K, 5 young (5120K), 0 survivors (0K)
 Metaspace       used 2729K, capacity 4973K, committed 5120K, reserved 1056768K
  class space    used 253K, capacity 443K, committed 512K, reserved 1048576K
Heap Regions: E=young(eden), S=young(survivor), O=old, HS=humongous(starts), HC=humongous(continues), CS=collection set, F=free, A=archive, TAMS=top-at-mark-start (previous, next)
|   0|0x0000000081400000, 0x0000000081400000, 0x0000000081500000|  0%| F|  |TAMS 0x0000000081400000, 0x0000000081400000| Untracked 
|   1|0x0000000081500000, 0x0000000081500000, 0x0000000081600000|  0%| F|  |TAMS 0x0000000081500000, 0x0000000081500000| Untracked 
|   2|0x0000000081600000, 0x0000000081600000, 0x0000000081700000|  0%| F|  |TAMS 0x0000000081600000, 0x0000000081600000| Untracked 
|   3|0x0000000081700000, 0x0000000081700000, 0x0000000081800000|  0%| F|  |TAMS 0x0000000081700000, 0x0000000081700000| Untracked 
|   4|0x0000000081800000, 0x0000000081800000, 0x0000000081900000|  0%| F|  |TAMS 0x0000000081800000, 0x0000000081800000| Untracked 
|   5|0x0000000081900000, 0x0000000081900000, 0x0000000081a00000|  0%| F|  |TAMS 0x0000000081900000, 0x0000000081900000| Untracked 
|   6|0x0000000081a00000, 0x0000000081a00000, 0x0000000081b00000|  0%| F|  |TAMS 0x0000000081a00000, 0x0000000081a00000| Untracked 
|   7|0x0000000081b00000, 0x0000000081b00000, 0x0000000081c00000|  0%| F|  |TAMS 0x0000000081b00000, 0x0000000081b00000| Untracked 
|   8|0x0000000081c00000, 0x0000000081c00000, 0x0000000081d00000|  0%| F|  |TAMS 0x0000000081c00000, 0x0000000081c00000| Untracked 
|   9|0x0000000081d00000, 0x0000000081d00000, 0x0000000081e00000|  0%| F|  |TAMS 0x0000000081d00000, 0x0000000081d00000| Untracked 
|  10|0x0000000081e00000, 0x0000000081e00000, 0x0000000081f00000|  0%| F|  |TAMS 0x0000000081e00000, 0x0000000081e00000| Untracked 
|  11|0x0000000081f00000, 0x0000000081f00000, 0x0000000082000000|  0%| F|  |TAMS 0x0000000081f00000, 0x0000000081f00000| Untracked 
|  12|0x0000000082000000, 0x0000000082000000, 0x0000000082100000|  0%| F|  |TAMS 0x0000000082000000, 0x0000000082000000| Untracked 
|  13|0x0000000082100000, 0x0000000082100000, 0x0000000082200000|  0%| F|  |TAMS 0x0000000082100000, 0x0000000082100000| Untracked 
|  14|0x0000000082200000, 0x0000000082200000, 0x0000000082300000|  0%| F|  |TAMS 0x0000000082200000, 0x0000000082200000| Untracked 
|  15|0x0000000082300000, 0x0000000082300000, 0x0000000082400000|  0%| F|  |TAMS 0x0000000082300000, 0x0000000082300000| Untracked 
|  16|0x0000000082400000, 0x0000000082400000, 0x0000000082500000|  0%| F|  |TAMS 0x0000000082400000, 0x0000000082400000| Untracked 
|  17|0x0000000082500000, 0x0000000082500000, 0x0000000082600000|  0%| F|  |TAMS 0x0000000082500000, 0x0000000082500000| Untracked 
|  18|0x0000000082600000, 0x0000000082600000, 0x0000000082700000|  0%| F|  |TAMS 0x0000000082600000, 0x0000000082600000| Untracked 
|  19|0x0000000082700000, 0x0000000082700000, 0x0000000082800000|  0%| F|  |TAMS 0x0000000082700000, 0x0000000082700000| Untracked 
|  20|0x0000000082800000, 0x0000000082800000, 0x0000000082900000|  0%| F|  |TAMS 0x0000000082800000, 0x0000000082800000| Untracked 
|  21|0x0000000082900000, 0x0000000082900000, 0x0000000082a00000|  0%| F|  |TAMS 0x0000000082900000, 0x0000000082900000| Untracked 
|  22|0x0000000082a00000, 0x0000000082a00000, 0x0000000082b00000|  0%| F|  |TAMS 0x0000000082a00000, 0x0000000082a00000| Untracked 
|  23|0x0000000082b00000, 0x0000000082b00000, 0x0000000082c00000|  0%| F|  |TAMS 0x0000000082b00000, 0x0000000082b00000| Untracked 
|  24|0x0000000082c00000, 0x0000000082c00000, 0x0000000082d00000|  0%| F|  |TAMS 0x0000000082c00000, 0x0000000082c00000| Untracked 
|  25|0x0000000082d00000, 0x0000000082d00000, 0x0000000082e00000|  0%| F|  |TAMS 0x0000000082d00000, 0x0000000082d00000| Untracked 
|  26|0x0000000082e00000, 0x0000000082e00000, 0x0000000082f00000|  0%| F|  |TAMS 0x0000000082e00000, 0x0000000082e00000| Untracked 
|  27|0x0000000082f00000, 0x0000000082f00000, 0x0000000083000000|  0%| F|  |TAMS 0x0000000082f00000, 0x0000000082f00000| Untracked 
|  28|0x0000000083000000, 0x0000000083000000, 0x0000000083100000|  0%| F|  |TAMS 0x0000000083000000, 0x0000000083000000| Untracked 
|  29|0x0000000083100000, 0x0000000083100000, 0x0000000083200000|  0%| F|  |TAMS 0x0000000083100000, 0x0000000083100000| Untracked 
|  30|0x0000000083200000, 0x0000000083200000, 0x0000000083300000|  0%| F|  |TAMS 0x0000000083200000, 0x0000000083200000| Untracked 
|  31|0x0000000083300000, 0x0000000083300000, 0x0000000083400000|  0%| F|  |TAMS 0x0000000083300000, 0x0000000083300000| Untracked 
|  32|0x0000000083400000, 0x0000000083400000, 0x0000000083500000|  0%| F|  |TAMS 0x0000000083400000, 0x0000000083400000| Untracked 
|  33|0x0000000083500000, 0x0000000083500000, 0x0000000083600000|  0%| F|  |TAMS 0x0000000083500000, 0x0000000083500000| Untracked 
|  34|0x0000000083600000, 0x0000000083600000, 0x0000000083700000|  0%| F|  |TAMS 0x0000000083600000, 0x0000000083600000| Untracked 
|  35|0x0000000083700000, 0x0000000083700000, 0x0000000083800000|  0%| F|  |TAMS 0x0000000083700000, 0x0000000083700000| Untracked 
|  36|0x0000000083800000, 0x0000000083800000, 0x0000000083900000|  0%| F|  |TAMS 0x0000000083800000, 0x0000000083800000| Untracked 
|  37|0x0000000083900000, 0x0000000083900000, 0x0000000083a00000|  0%| F|  |TAMS 0x0000000083900000, 0x0000000083900000| Untracked 
|  38|0x0000000083a00000, 0x0000000083a00000, 0x0000000083b00000|  0%| F|  |TAMS 0x0000000083a00000, 0x0000000083a00000| Untracked 
|  39|0x0000000083b00000, 0x0000000083b00000, 0x0000000083c00000|  0%| F|  |TAMS 0x0000000083b00000, 0x0000000083b00000| Untracked 
|  40|0x0000000083c00000, 0x0000000083c00000, 0x0000000083d00000|  0%| F|  |TAMS 0x0000000083c00000, 0x0000000083c00000| Untracked 
|  41|0x0000000083d00000, 0x0000000083d00000, 0x0000000083e00000|  0%| F|  |TAMS 0x0000000083d00000, 0x0000000083d00000| Untracked 
|  42|0x0000000083e00000, 0x0000000083e00000, 0x0000000083f00000|  0%| F|  |TAMS 0x0000000083e00000, 0x0000000083e00000| Untracked 
|  43|0x0000000083f00000, 0x0000000083f00000, 0x0000000084000000|  0%| F|  |TAMS 0x0000000083f00000, 0x0000000083f00000| Untracked 
|  44|0x0000000084000000, 0x0000000084000000, 0x0000000084100000|  0%| F|  |TAMS 0x0000000084000000, 0x0000000084000000| Untracked 
|  45|0x0000000084100000, 0x0000000084100000, 0x0000000084200000|  0%| F|  |TAMS 0x0000000084100000, 0x0000000084100000| Untracked 
|  46|0x0000000084200000, 0x0000000084200000, 0x0000000084300000|  0%| F|  |TAMS 0x0000000084200000, 0x0000000084200000| Untracked 
|  47|0x0000000084300000, 0x0000000084300000, 0x0000000084400000|  0%| F|  |TAMS 0x0000000084300000, 0x0000000084300000| Untracked 
|  48|0x0000000084400000, 0x0000000084400000, 0x0000000084500000|  0%| F|  |TAMS 0x0000000084400000, 0x0000000084400000| Untracked 
|  49|0x0000000084500000, 0x0000000084500000, 0x0000000084600000|  0%| F|  |TAMS 0x0000000084500000, 0x0000000084500000| Untracked 
|  50|0x0000000084600000, 0x0000000084600000, 0x0000000084700000|  0%| F|  |TAMS 0x0000000084600000, 0x0000000084600000| Untracked 
|  51|0x0000000084700000, 0x0000000084700000, 0x0000000084800000|  0%| F|  |TAMS 0x0000000084700000, 0x0000000084700000| Untracked 
|  52|0x0000000084800000, 0x0000000084800000, 0x0000000084900000|  0%| F|  |TAMS 0x0000000084800000, 0x0000000084800000| Untracked 
|  53|0x0000000084900000, 0x0000000084900000, 0x0000000084a00000|  0%| F|  |TAMS 0x0000000084900000, 0x0000000084900000| Untracked 
|  54|0x0000000084a00000, 0x0000000084a00000, 0x0000000084b00000|  0%| F|  |TAMS 0x0000000084a00000, 0x0000000084a00000| Untracked 
|  55|0x0000000084b00000, 0x0000000084b00000, 0x0000000084c00000|  0%| F|  |TAMS 0x0000000084b00000, 0x0000000084b00000| Untracked 
|  56|0x0000000084c00000, 0x0000000084c00000, 0x0000000084d00000|  0%| F|  |TAMS 0x0000000084c00000, 0x0000000084c00000| Untracked 
|  57|0x0000000084d00000, 0x0000000084d00000, 0x0000000084e00000|  0%| F|  |TAMS 0x0000000084d00000, 0x0000000084d00000| Untracked 
|  58|0x0000000084e00000, 0x0000000084e00000, 0x0000000084f00000|  0%| F|  |TAMS 0x0000000084e00000, 0x0000000084e00000| Untracked 
|  59|0x0000000084f00000, 0x0000000084f00000, 0x0000000085000000|  0%| F|  |TAMS 0x0000000084f00000, 0x0000000084f00000| Untracked 
|  60|0x0000000085000000, 0x0000000085000000, 0x0000000085100000|  0%| F|  |TAMS 0x0000000085000000, 0x0000000085000000| Untracked 
|  61|0x0000000085100000, 0x0000000085100000, 0x0000000085200000|  0%| F|  |TAMS 0x0000000085100000, 0x0000000085100000| Untracked 
|  62|0x0000000085200000, 0x0000000085200000, 0x0000000085300000|  0%| F|  |TAMS 0x0000000085200000, 0x0000000085200000| Untracked 
|  63|0x0000000085300000, 0x0000000085300000, 0x0000000085400000|  0%| F|  |TAMS 0x0000000085300000, 0x0000000085300000| Untracked 
|  64|0x0000000085400000, 0x0000000085400000, 0x0000000085500000|  0%| F|  |TAMS 0x0000000085400000, 0x0000000085400000| Untracked 
|  65|0x0000000085500000, 0x0000000085500000, 0x0000000085600000|  0%| F|  |TAMS 0x0000000085500000, 0x0000000085500000| Untracked 
|  66|0x0000000085600000, 0x0000000085600000, 0x0000000085700000|  0%| F|  |TAMS 0x0000000085600000, 0x0000000085600000| Untracked 
|  67|0x0000000085700000, 0x0000000085700000, 0x0000000085800000|  0%| F|  |TAMS 0x0000000085700000, 0x0000000085700000| Untracked 
|  68|0x0000000085800000, 0x0000000085800000, 0x0000000085900000|  0%| F|  |TAMS 0x0000000085800000, 0x0000000085800000| Untracked 
|  69|0x0000000085900000, 0x0000000085900000, 0x0000000085a00000|  0%| F|  |TAMS 0x0000000085900000, 0x0000000085900000| Untracked 
|  70|0x0000000085a00000, 0x0000000085a00000, 0x0000000085b00000|  0%| F|  |TAMS 0x0000000085a00000, 0x0000000085a00000| Untracked 
|  71|0x0000000085b00000, 0x0000000085b00000, 0x0000000085c00000|  0%| F|  |TAMS 0x0000000085b00000, 0x0000000085b00000| Untracked 
|  72|0x0000000085c00000, 0x0000000085c00000, 0x0000000085d00000|  0%| F|  |TAMS 0x0000000085c00000, 0x0000000085c00000| Untracked 
|  73|0x0000000085d00000, 0x0000000085d00000, 0x0000000085e00000|  0%| F|  |TAMS 0x0000000085d00000, 0x0000000085d00000| Untracked 
|  74|0x0000000085e00000, 0x0000000085e00000, 0x0000000085f00000|  0%| F|  |TAMS 0x0000000085e00000, 0x0000000085e00000| Untracked 
|  75|0x0000000085f00000, 0x0000000085f00000, 0x0000000086000000|  0%| F|  |TAMS 0x0000000085f00000, 0x0000000085f00000| Untracked 
|  76|0x0000000086000000, 0x0000000086000000, 0x0000000086100000|  0%| F|  |TAMS 0x0000000086000000, 0x0000000086000000| Untracked 
|  77|0x0000000086100000, 0x0000000086100000, 0x0000000086200000|  0%| F|  |TAMS 0x0000000086100000, 0x0000000086100000| Untracked 
|  78|0x0000000086200000, 0x0000000086200000, 0x0000000086300000|  0%| F|  |TAMS 0x0000000086200000, 0x0000000086200000| Untracked 
|  79|0x0000000086300000, 0x0000000086300000, 0x0000000086400000|  0%| F|  |TAMS 0x0000000086300000, 0x0000000086300000| Untracked 
|  80|0x0000000086400000, 0x0000000086400000, 0x0000000086500000|  0%| F|  |TAMS 0x0000000086400000, 0x0000000086400000| Untracked 
|  81|0x0000000086500000, 0x0000000086500000, 0x0000000086600000|  0%| F|  |TAMS 0x0000000086500000, 0x0000000086500000| Untracked 
|  82|0x0000000086600000, 0x0000000086600000, 0x0000000086700000|  0%| F|  |TAMS 0x0000000086600000, 0x0000000086600000| Untracked 
|  83|0x0000000086700000, 0x0000000086700000, 0x0000000086800000|  0%| F|  |TAMS 0x0000000086700000, 0x0000000086700000| Untracked 
|  84|0x0000000086800000, 0x0000000086800000, 0x0000000086900000|  0%| F|  |TAMS 0x0000000086800000, 0x0000000086800000| Untracked 
|  85|0x0000000086900000, 0x0000000086900000, 0x0000000086a00000|  0%| F|  |TAMS 0x0000000086900000, 0x0000000086900000| Untracked 
|  86|0x0000000086a00000, 0x0000000086a00000, 0x0000000086b00000|  0%| F|  |TAMS 0x0000000086a00000, 0x0000000086a00000| Untracked 
|  87|0x0000000086b00000, 0x0000000086b00000, 0x0000000086c00000|  0%| F|  |TAMS 0x0000000086b00000, 0x0000000086b00000| Untracked 
|  88|0x0000000086c00000, 0x0000000086c00000, 0x0000000086d00000|  0%| F|  |TAMS 0x0000000086c00000, 0x0000000086c00000| Untracked 
|  89|0x0000000086d00000, 0x0000000086d00000, 0x0000000086e00000|  0%| F|  |TAMS 0x0000000086d00000, 0x0000000086d00000| Untracked 
|  90|0x0000000086e00000, 0x0000000086e00000, 0x0000000086f00000|  0%| F|  |TAMS 0x0000000086e00000, 0x0000000086e00000| Untracked 
|  91|0x0000000086f00000, 0x0000000086f00000, 0x0000000087000000|  0%| F|  |TAMS 0x0000000086f00000, 0x0000000086f00000| Untracked 
|  92|0x0000000087000000, 0x0000000087000000, 0x0000000087100000|  0%| F|  |TAMS 0x0000000087000000, 0x0000000087000000| Untracked 
|  93|0x0000000087100000, 0x0000000087100000, 0x0000000087200000|  0%| F|  |TAMS 0x0000000087100000, 0x0000000087100000| Untracked 
|  94|0x0000000087200000, 0x0000000087200000, 0x0000000087300000|  0%| F|  |TAMS 0x0000000087200000, 0x0000000087200000| Untracked 
|  95|0x0000000087300000, 0x0000000087300000, 0x0000000087400000|  0%| F|  |TAMS 0x0000000087300000, 0x0000000087300000| Untracked 
|  96|0x0000000087400000, 0x0000000087400000, 0x0000000087500000|  0%| F|  |TAMS 0x0000000087400000, 0x0000000087400000| Untracked 
|  97|0x0000000087500000, 0x0000000087500000, 0x0000000087600000|  0%| F|  |TAMS 0x0000000087500000, 0x0000000087500000| Untracked 
|  98|0x0000000087600000, 0x0000000087600000, 0x0000000087700000|  0%| F|  |TAMS 0x0000000087600000, 0x0000000087600000| Untracked 
|  99|0x0000000087700000, 0x0000000087700000, 0x0000000087800000|  0%| F|  |TAMS 0x0000000087700000, 0x0000000087700000| Untracked 
| 100|0x0000000087800000, 0x0000000087800000, 0x0000000087900000|  0%| F|  |TAMS 0x0000000087800000, 0x0000000087800000| Untracked 
| 101|0x0000000087900000, 0x0000000087900000, 0x0000000087a00000|  0%| F|  |TAMS 0x0000000087900000, 0x0000000087900000| Untracked 
| 102|0x0000000087a00000, 0x0000000087a00000, 0x0000000087b00000|  0%| F|  |TAMS 0x0000000087a00000, 0x0000000087a00000| Untracked 
| 103|0x0000000087b00000, 0x0000000087b00000, 0x0000000087c00000|  0%| F|  |TAMS 0x0000000087b00000, 0x0000000087b00000| Untracked 
| 104|0x0000000087c00000, 0x0000000087c00000, 0x0000000087d00000|  0%| F|  |TAMS 0x0000000087c00000, 0x0000000087c00000| Untracked 
| 105|0x0000000087d00000, 0x0000000087d00000, 0x0000000087e00000|  0%| F|  |TAMS 0x0000000087d00000, 0x0000000087d00000| Untracked 
| 106|0x0000000087e00000, 0x0000000087e00000, 0x0000000087f00000|  0%| F|  |TAMS 0x0000000087e00000, 0x0000000087e00000| Untracked 
| 107|0x0000000087f00000, 0x0000000087f00000, 0x0000000088000000|  0%| F|  |TAMS 0x0000000087f00000, 0x0000000087f00000| Untracked 
| 108|0x0000000088000000, 0x0000000088000000, 0x0000000088100000|  0%| F|  |TAMS 0x0000000088000000, 0x0000000088000000| Untracked 
| 109|0x0000000088100000, 0x0000000088100000, 0x0000000088200000|  0%| F|  |TAMS 0x0000000088100000, 0x0000000088100000| Untracked 
| 110|0x0000000088200000, 0x0000000088200000, 0x0000000088300000|  0%| F|  |TAMS 0x0000000088200000, 0x0000000088200000| Untracked 
| 111|0x0000000088300000, 0x0000000088300000, 0x0000000088400000|  0%| F|  |TAMS 0x0000000088300000, 0x0000000088300000| Untracked 
| 112|0x0000000088400000, 0x0000000088400000, 0x0000000088500000|  0%| F|  |TAMS 0x0000000088400000, 0x0000000088400000| Untracked 
| 113|0x0000000088500000, 0x0000000088500000, 0x0000000088600000|  0%| F|  |TAMS 0x0000000088500000, 0x0000000088500000| Untracked 
| 114|0x0000000088600000, 0x0000000088600000, 0x0000000088700000|  0%| F|  |TAMS 0x0000000088600000, 0x0000000088600000| Untracked 
| 115|0x0000000088700000, 0x0000000088700000, 0x0000000088800000|  0%| F|  |TAMS 0x0000000088700000, 0x0000000088700000| Untracked 
| 116|0x0000000088800000, 0x0000000088800000, 0x0000000088900000|  0%| F|  |TAMS 0x0000000088800000, 0x0000000088800000| Untracked 
| 117|0x0000000088900000, 0x0000000088900000, 0x0000000088a00000|  0%| F|  |TAMS 0x0000000088900000, 0x0000000088900000| Untracked 
| 118|0x0000000088a00000, 0x0000000088a00000, 0x0000000088b00000|  0%| F|  |TAMS 0x0000000088a00000, 0x0000000088a00000| Untracked 
| 119|0x0000000088b00000, 0x0000000088b00000, 0x0000000088c00000|  0%| F|  |TAMS 0x0000000088b00000, 0x0000000088b00000| Untracked 
| 120|0x0000000088c00000, 0x0000000088c00000, 0x0000000088d00000|  0%| F|  |TAMS 0x0000000088c00000, 0x0000000088c00000| Untracked 
| 121|0x0000000088d00000, 0x0000000088d00000, 0x0000000088e00000|  0%| F|  |TAMS 0x0000000088d00000, 0x0000000088d00000| Untracked 
| 122|0x0000000088e00000, 0x0000000088e00000, 0x0000000088f00000|  0%| F|  |TAMS 0x0000000088e00000, 0x0000000088e00000| Untracked 
| 123|0x0000000088f00000, 0x0000000088fe8dc8, 0x0000000089000000| 90%| E|  |TAMS 0x0000000088f00000, 0x0000000088f00000| Complete 
| 124|0x0000000089000000, 0x0000000089100000, 0x0000000089100000|100%| E|  |TAMS 0x0000000089000000, 0x0000000089000000| Complete 
| 125|0x0000000089100000, 0x0000000089200000, 0x0000000089200000|100%| E|CS|TAMS 0x0000000089100000, 0x0000000089100000| Complete 
| 126|0x0000000089200000, 0x0000000089300000, 0x0000000089300000|100%| E|CS|TAMS 0x0000000089200000, 0x0000000089200000| Complete 
| 127|0x0000000089300000, 0x0000000089400000, 0x0000000089400000|100%| E|CS|TAMS 0x0000000089300000, 0x0000000089300000| Complete 

Card table byte_map: [0x000001a1f8de0000,0x000001a1f91e0000] _byte_map_base: 0x000001a1f89d6000

Marking Bits (Prev, Next): (CMBitMap*) 0x000001a1f8948478, (CMBitMap*) 0x000001a1f89484b8
 Prev Bits: [0x000001a1f95e0000, 0x000001a1fb590000)
 Next Bits: [0x000001a1fb590000, 0x000001a1fd540000)

Polling page: 0x000001a1f67c0000

Metaspace:

Usage:
  Non-class:      4.42 MB capacity,     2.42 MB ( 55%) used,     2.00 MB ( 45%) free+waste,     2.81 KB ( <1%) overhead. 
      Class:    443.00 KB capacity,   253.68 KB ( 57%) used,   187.76 KB ( 42%) free+waste,     1.56 KB ( <1%) overhead. 
       Both:      4.86 MB capacity,     2.67 MB ( 55%) used,     2.19 MB ( 45%) free+waste,     4.38 KB ( <1%) overhead. 

Virtual space:
  Non-class space:        8.00 MB reserved,       4.50 MB ( 56%) committed 
      Class space:        1.00 GB reserved,     512.00 KB ( <1%) committed 
             Both:        1.01 GB reserved,       5.00 MB ( <1%) committed 

Chunk freelists:
   Non-Class:  1.75 KB
       Class:  640 bytes
        Both:  2.38 KB

CodeHeap 'non-profiled nmethods': size=120064Kb used=126Kb max_used=126Kb free=119937Kb
 bounds [0x000001a18fdf0000, 0x000001a190060000, 0x000001a197330000]
CodeHeap 'profiled nmethods': size=120000Kb used=784Kb max_used=784Kb free=119215Kb
 bounds [0x000001a1888c0000, 0x000001a188b30000, 0x000001a18fdf0000]
CodeHeap 'non-nmethods': size=5696Kb used=1160Kb max_used=1173Kb free=4536Kb
 bounds [0x000001a188330000, 0x000001a1885a0000, 0x000001a1888c0000]
 total_blobs=906 nmethods=442 adapters=275
 compilation: enabled
              stopped_count=0, restarted_count=0
 full_count=0

Compilation events (10 events):
Event: 822.012 Thread 0x000001a1ffa3b800  439       3       org.eclipse.jdt.launching.internal.org.objectweb.asm.SymbolTable::addConstantClass (8 bytes)
Event: 822.013 Thread 0x000001a1ffa3b800 nmethod 439 0x000001a188981d10 code [0x000001a188981ee0, 0x000001a1889820b0]
Event: 898.102 Thread 0x000001a1ffa3b800  440       3       org.eclipse.jdt.launching.internal.org.objectweb.asm.ByteVector::enlarge (51 bytes)
Event: 898.102 Thread 0x000001a1ffa3b800 nmethod 440 0x000001a188982190 code [0x000001a188982360, 0x000001a188982710]
Event: 898.103 Thread 0x000001a1ffa3b800  441       3       org.eclipse.jdt.launching.internal.org.objectweb.asm.Attribute::computeAttributesSize (62 bytes)
Event: 898.104 Thread 0x000001a1ffa3b800 nmethod 441 0x000001a188982810 code [0x000001a188982a00, 0x000001a188982d90]
Event: 898.104 Thread 0x000001a1ffa3b800  442       3       org.eclipse.jdt.launching.internal.org.objectweb.asm.AnnotationWriter::computeAnnotationsSize (66 bytes)
Event: 898.106 Thread 0x000001a1ffa3b800 nmethod 442 0x000001a188982f10 code [0x000001a188983120, 0x000001a1889834c0]
Event: 898.106 Thread 0x000001a1ffa3b800  443       3       org.eclipse.jdt.launching.internal.org.objectweb.asm.Attribute::putAttributes (78 bytes)
Event: 898.107 Thread 0x000001a1ffa3b800 nmethod 443 0x000001a188983710 code [0x000001a188983980, 0x000001a188983f00]

GC Heap History (0 events):
No events

Deoptimization events (4 events):
Event: 0.253 Thread 0x000001a1f8907800 Uncommon trap: reason=class_check action=maybe_recompile pc=0x000001a18fdfd920 method=java.util.HashMap.putVal(ILjava/lang/Object;Ljava/lang/Object;ZZ)Ljava/lang/Object; @ 152 c2
Event: 0.279 Thread 0x000001a1f8907800 Uncommon trap: reason=unstable_if action=reinterpret pc=0x000001a18fdfda48 method=java.util.HashMap.putVal(ILjava/lang/Object;Ljava/lang/Object;ZZ)Ljava/lang/Object; @ 181 c2
Event: 0.363 Thread 0x000001a1f8907800 Uncommon trap: reason=unstable_if action=reinterpret pc=0x000001a18fdfeaa8 method=java.lang.String.isLatin1()Z @ 10 c2
Event: 70.943 Thread 0x000001a1f8907800 Uncommon trap: reason=unreached action=reinterpret pc=0x000001a18fe0cb48 method=Main.verificarJogadoresAtivo()Z @ 35 c2

Classes redefined (10 events):
Event: 498.941 Thread 0x000001a1ff9ff800 redefined class name=Main, count=8
Event: 554.118 Thread 0x000001a1ff9ff800 redefined class name=Main, count=9
Event: 618.987 Thread 0x000001a1ff9ff800 redefined class name=Main, count=10
Event: 685.984 Thread 0x000001a1ff9ff800 redefined class name=Main, count=11
Event: 734.915 Thread 0x000001a1ff9ff800 redefined class name=Main, count=12
Event: 822.020 Thread 0x000001a1ff9ff800 redefined class name=Main, count=13
Event: 855.285 Thread 0x000001a1ff9ff800 redefined class name=Main, count=14
Event: 898.105 Thread 0x000001a1ff9ff800 redefined class name=Main, count=15
Event: 1010.136 Thread 0x000001a1ff9ff800 redefined class name=Main, count=16
Event: 1016.255 Thread 0x000001a1ff9ff800 redefined class name=Main, count=17

Internal exceptions (0 events):
No events

Events (10 events):
Event: 898.106 Executing VM operation: RedefineClasses done
Event: 898.112 Executing VM operation: ChangeBreakpoints
Event: 898.112 Executing VM operation: ChangeBreakpoints done
Event: 1010.134 Executing VM operation: RedefineClasses
Event: 1010.136 Executing VM operation: RedefineClasses done
Event: 1016.252 Executing VM operation: RedefineClasses
Event: 1016.256 Executing VM operation: RedefineClasses done
Event: 1016.261 Executing VM operation: ChangeBreakpoints
Event: 1016.262 Executing VM operation: ChangeBreakpoints done
Event: 1016.262 Executing VM operation: ChangeBreakpoints


Dynamic libraries:
0x00007ff69d1f0000 - 0x00007ff69d1ff000 	C:\Program Files\Java\jdk-12.0.2\bin\javaw.exe
0x00007ffcaa620000 - 0x00007ffcaa810000 	C:\WINDOWS\SYSTEM32\ntdll.dll
0x00007ffca9120000 - 0x00007ffca91d2000 	C:\WINDOWS\System32\KERNEL32.DLL
0x00007ffca7ee0000 - 0x00007ffca8183000 	C:\WINDOWS\System32\KERNELBASE.dll
0x00007ffca7dc0000 - 0x00007ffca7eba000 	C:\WINDOWS\System32\ucrtbase.dll
0x00007ffca17e0000 - 0x00007ffca17f6000 	C:\Program Files\Java\jdk-12.0.2\bin\VCRUNTIME140.dll
0x00007ffc9b980000 - 0x00007ffc9b998000 	C:\Program Files\Java\jdk-12.0.2\bin\jli.dll
0x00007ffca9ac0000 - 0x00007ffca9b63000 	C:\WINDOWS\System32\ADVAPI32.dll
0x00007ffca87b0000 - 0x00007ffca884e000 	C:\WINDOWS\System32\msvcrt.dll
0x00007ffca9080000 - 0x00007ffca9117000 	C:\WINDOWS\System32\sechost.dll
0x00007ffcaa260000 - 0x00007ffcaa380000 	C:\WINDOWS\System32\RPCRT4.dll
0x00007ffca9250000 - 0x00007ffca93e3000 	C:\WINDOWS\System32\USER32.dll
0x00007ffca7610000 - 0x00007ffca7631000 	C:\WINDOWS\System32\win32u.dll
0x00007ffc90e90000 - 0x00007ffc91115000 	C:\WINDOWS\WinSxS\amd64_microsoft.windows.common-controls_6595b64144ccf1df_6.0.18362.356_none_e6c4af7d130f27cc\COMCTL32.dll
0x00007ffcaa450000 - 0x00007ffcaa476000 	C:\WINDOWS\System32\GDI32.dll
0x00007ffca9be0000 - 0x00007ffca9f16000 	C:\WINDOWS\System32\combase.dll
0x00007ffca8430000 - 0x00007ffca85c4000 	C:\WINDOWS\System32\gdi32full.dll
0x00007ffca8190000 - 0x00007ffca822e000 	C:\WINDOWS\System32\msvcp_win.dll
0x00007ffca8230000 - 0x00007ffca82b0000 	C:\WINDOWS\System32\bcryptPrimitives.dll
0x00007ffca1760000 - 0x00007ffca176a000 	C:\WINDOWS\SYSTEM32\VERSION.dll
0x00007ffca94a0000 - 0x00007ffca94ce000 	C:\WINDOWS\System32\IMM32.DLL
0x00007ffc8eba0000 - 0x00007ffc8ec4a000 	C:\Program Files\Java\jdk-12.0.2\bin\msvcp140.dll
0x00007ffc3e650000 - 0x00007ffc3f1c7000 	C:\Program Files\Java\jdk-12.0.2\bin\server\jvm.dll
0x00007ffca9bd0000 - 0x00007ffca9bd8000 	C:\WINDOWS\System32\PSAPI.DLL
0x00007ffca5540000 - 0x00007ffca5564000 	C:\WINDOWS\SYSTEM32\WINMM.dll
0x00007ffca2f60000 - 0x00007ffca2f69000 	C:\WINDOWS\SYSTEM32\WSOCK32.dll
0x00007ffca9a40000 - 0x00007ffca9aaf000 	C:\WINDOWS\System32\WS2_32.dll
0x00007ffca5510000 - 0x00007ffca553d000 	C:\WINDOWS\SYSTEM32\winmmbase.dll
0x00007ffca8680000 - 0x00007ffca86ca000 	C:\WINDOWS\System32\cfgmgr32.dll
0x00007ffca7500000 - 0x00007ffca7511000 	C:\WINDOWS\System32\kernel.appcore.dll
0x00007ffca2c50000 - 0x00007ffca2c61000 	C:\Program Files\Java\jdk-12.0.2\bin\verify.dll
0x00007ffc92400000 - 0x00007ffc925f4000 	C:\WINDOWS\SYSTEM32\DBGHELP.DLL
0x00007ffc91a70000 - 0x00007ffc91a9a000 	C:\WINDOWS\SYSTEM32\dbgcore.DLL
0x00007ffc7ec50000 - 0x00007ffc7ec76000 	C:\Program Files\Java\jdk-12.0.2\bin\java.dll
0x00007ffc8eb00000 - 0x00007ffc8eb38000 	C:\Program Files\Java\jdk-12.0.2\bin\jdwp.dll
0x00007ffc99140000 - 0x00007ffc9914e000 	C:\Program Files\Java\jdk-12.0.2\bin\instrument.dll
0x00007ffc8c050000 - 0x00007ffc8c067000 	C:\Program Files\Java\jdk-12.0.2\bin\zip.dll
0x00007ffca14b0000 - 0x00007ffca14ba000 	C:\Program Files\Java\jdk-12.0.2\bin\jimage.dll
0x00007ffca8990000 - 0x00007ffca9075000 	C:\WINDOWS\System32\SHELL32.dll
0x00007ffca93f0000 - 0x00007ffca9499000 	C:\WINDOWS\System32\shcore.dll
0x00007ffca7640000 - 0x00007ffca7dbe000 	C:\WINDOWS\System32\windows.storage.dll
0x00007ffca7540000 - 0x00007ffca755f000 	C:\WINDOWS\System32\profapi.dll
0x00007ffca7560000 - 0x00007ffca75aa000 	C:\WINDOWS\System32\powrprof.dll
0x00007ffca74f0000 - 0x00007ffca7500000 	C:\WINDOWS\System32\UMPDC.dll
0x00007ffca99c0000 - 0x00007ffca9a12000 	C:\WINDOWS\System32\shlwapi.dll
0x00007ffca7ec0000 - 0x00007ffca7ed7000 	C:\WINDOWS\System32\cryptsp.dll
0x00007ffc93690000 - 0x00007ffc9369a000 	C:\Program Files\Java\jdk-12.0.2\bin\dt_socket.dll
0x00007ffca6d60000 - 0x00007ffca6dc7000 	C:\WINDOWS\System32\mswsock.dll
0x00007ffca6ab0000 - 0x00007ffca6b7a000 	C:\WINDOWS\SYSTEM32\DNSAPI.dll
0x00007ffca9fd0000 - 0x00007ffca9fd8000 	C:\WINDOWS\System32\NSI.dll
0x00007ffca6a70000 - 0x00007ffca6aaa000 	C:\WINDOWS\SYSTEM32\IPHLPAPI.DLL
0x00007ffc9f130000 - 0x00007ffc9f1a7000 	C:\WINDOWS\System32\fwpuclnt.dll
0x00007ffca82b0000 - 0x00007ffca82d6000 	C:\WINDOWS\System32\bcrypt.dll
0x00007ffc9a530000 - 0x00007ffc9a53a000 	C:\Windows\System32\rasadhlp.dll
0x00007ffc7fa70000 - 0x00007ffc7fa89000 	C:\Program Files\Java\jdk-12.0.2\bin\net.dll
0x00007ffc9bb70000 - 0x00007ffc9bc60000 	C:\WINDOWS\SYSTEM32\WINHTTP.dll
0x00007ffc9d3a0000 - 0x00007ffc9d576000 	C:\WINDOWS\SYSTEM32\urlmon.dll
0x00007ffc9d0f0000 - 0x00007ffc9d396000 	C:\WINDOWS\SYSTEM32\iertutil.dll
0x00007ffca6f30000 - 0x00007ffca6f3c000 	C:\WINDOWS\SYSTEM32\CRYPTBASE.DLL
0x00007ffc7ebf0000 - 0x00007ffc7ec03000 	C:\Program Files\Java\jdk-12.0.2\bin\nio.dll

dbghelp: loaded successfully - version: 4.0.5 - missing functions: none
symbol engine: initialized successfully - sym options: 0x614 - pdb path: .;C:\Program Files\Java\jdk-12.0.2\bin;C:\WINDOWS\SYSTEM32;C:\WINDOWS\WinSxS\amd64_microsoft.windows.common-controls_6595b64144ccf1df_6.0.18362.356_none_e6c4af7d130f27cc;C:\Program Files\Java\jdk-12.0.2\bin\server

VM Arguments:
jvm_args: -agentlib:jdwp=transport=dt_socket,suspend=y,address=localhost:55184 -javaagent:C:\Users\KR\Documents\Eclipse\eclipse\configuration\org.eclipse.osgi\412\0\.cp\lib\javaagent-shaded.jar -Dfile.encoding=Cp1252 
java_command: Main
java_class_path (initial): C:\Users\KR\eclipse-workspace\JogoBanco\bin
Launcher Type: SUN_STANDARD

[Global flags]
     intx CICompilerCount                          = 3                                         {product} {ergonomic}
     uint ConcGCThreads                            = 1                                         {product} {ergonomic}
     uint G1ConcRefinementThreads                  = 4                                         {product} {ergonomic}
   size_t G1HeapRegionSize                         = 1048576                                   {product} {ergonomic}
    uintx GCDrainStackTargetSize                   = 64                                        {product} {ergonomic}
   size_t InitialHeapSize                          = 134217728                                 {product} {ergonomic}
   size_t MarkStackSize                            = 4194304                                   {product} {ergonomic}
   size_t MaxHeapSize                              = 2126512128                                {product} {ergonomic}
   size_t MaxNewSize                               = 1275068416                                {product} {ergonomic}
   size_t MinHeapDeltaBytes                        = 1048576                                   {product} {ergonomic}
    uintx NonNMethodCodeHeapSize                   = 5830732                                {pd product} {ergonomic}
    uintx NonProfiledCodeHeapSize                  = 122913754                              {pd product} {ergonomic}
    uintx ProfiledCodeHeapSize                     = 122913754                              {pd product} {ergonomic}
    uintx ReservedCodeCacheSize                    = 251658240                              {pd product} {ergonomic}
     bool SegmentedCodeCache                       = true                                      {product} {ergonomic}
     bool UseCompressedClassPointers               = true                                 {lp64_product} {ergonomic}
     bool UseCompressedOops                        = true                                 {lp64_product} {ergonomic}
     bool UseG1GC                                  = true                                      {product} {ergonomic}
     bool UseLargePagesIndividualAllocation        = false                                  {pd product} {ergonomic}

Logging:
Log output configuration:
 #0: stdout all=warning uptime,level,tags
 #1: stderr all=off uptime,level,tags

Environment Variables:
JAVA_HOME=C:\Program Files\Java\jdk1.8.0_171
PATH=C:/Program Files/Java/jdk-12.0.2/bin/server;C:/Program Files/Java/jdk-12.0.2/bin;C:\Program Files (x86)\Common Files\Oracle\Java\javapath;C:\Windows\system32;C:\Windows;C:\Windows\System32\Wbem;C:\Windows\System32\WindowsPowerShell\v1.0\;C:\Program Files (x86)\NVIDIA Corporation\PhysX\Common;C:\Program Files (x86)\GtkSharp\2.12\bin;C:\WINDOWS\system32;C:\WINDOWS;C:\WINDOWS\System32\Wbem;C:\WINDOWS\System32\WindowsPowerShell\v1.0\;C:\WINDOWS\System32\OpenSSH\;C:\Program Files\NVIDIA Corporation\NVIDIA NvDLISR;C:\Program Files\Java\jdk1.8.0_171\bin;C:\Users\KR\AppData\Local\Microsoft\WindowsApps;;C:\Users\KR\Documents\Eclipse\eclipse;
USERNAME=KR
OS=Windows_NT
PROCESSOR_IDENTIFIER=Intel64 Family 6 Model 61 Stepping 4, GenuineIntel



---------------  S Y S T E M  ---------------

OS: Windows 10 , 64 bit Build 18362 (10.0.18362.329)

CPU:total 4 (initial active 4) (2 cores per cpu, 2 threads per core) family 6 model 61 stepping 4, cmov, cx8, fxsr, mmx, sse, sse2, sse3, ssse3, sse4.1, sse4.2, popcnt, avx, avx2, aes, clmul, erms, 3dnowpref, lzcnt, ht, tsc, tscinvbit, bmi1, bmi2, adx, fma

Memory: 4k page, system-wide physical 8111M (2762M free)
TotalPageFile size 18863M (AvailPageFile size 8569M)
current process WorkingSet (physical memory assigned to process): 41M, peak: 48M
current process commit charge ("private bytes"): 214M, peak: 221M

vm_info: Java HotSpot(TM) 64-Bit Server VM (12.0.2+10) for windows-amd64 JRE (12.0.2+10), built on Jul 16 2019 01:56:17 by "mach5one" with MS VC++ 15.5 (VS2017)

END.
